
  .   ____          _            __ _ _
 /\\ / ___'_ __ _ _(_)_ __  __ _ \ \ \ \
( ( )\___ | '_ | '_| | '_ \/ _` | \ \ \ \
 \\/  ___)| |_)| | | | | || (_| |  ) ) ) )
  '  |____| .__|_| |_|_| |_\__, | / / / /
 =========|_|==============|___/=/_/_/_/

 :: Spring Boot ::                (v4.0.6)

2026-05-30T20:42:48.314+07:00  INFO 8652 --- [nova-hotel-backend] [           main] c.novahotel.NovaHotelBackendApplication  : Starting NovaHotelBackendApplication v0.0.1-SNAPSHOT using Java 21.0.6 with PID 8652 (E:\Đồ Án ĐTĐ\NOVAHOTEL\backend\target\nova-hotel-backend-0.0.1-SNAPSHOT.jar started by THISPC in E:\Đồ Án ĐTĐ\NOVAHOTEL\backend)
2026-05-30T20:42:48.317+07:00 DEBUG 8652 --- [nova-hotel-backend] [           main] c.novahotel.NovaHotelBackendApplication  : Running with Spring Boot v4.0.6, Spring v7.0.7
2026-05-30T20:42:48.318+07:00  INFO 8652 --- [nova-hotel-backend] [           main] c.novahotel.NovaHotelBackendApplication  : No active profile set, falling back to 1 default profile: "default"
2026-05-30T20:42:49.088+07:00  INFO 8652 --- [nova-hotel-backend] [           main] .s.d.r.c.RepositoryConfigurationDelegate : Bootstrapping Spring Data MongoDB repositories in DEFAULT mode.
2026-05-30T20:42:49.161+07:00  INFO 8652 --- [nova-hotel-backend] [           main] .s.d.r.c.RepositoryConfigurationDelegate : Finished Spring Data repository scanning in 56 ms. Found 4 MongoDB repository interfaces.
2026-05-30T20:42:49.657+07:00  INFO 8652 --- [nova-hotel-backend] [           main] o.s.boot.tomcat.TomcatWebServer          : Tomcat initialized with port 8080 (http)
2026-05-30T20:42:49.671+07:00  INFO 8652 --- [nova-hotel-backend] [           main] o.apache.catalina.core.StandardService   : Starting service [Tomcat]
2026-05-30T20:42:49.673+07:00  INFO 8652 --- [nova-hotel-backend] [           main] o.apache.catalina.core.StandardEngine    : Starting Servlet engine: [Apache Tomcat/11.0.21]
2026-05-30T20:42:49.704+07:00  INFO 8652 --- [nova-hotel-backend] [           main] b.w.c.s.WebApplicationContextInitializer : Root WebApplicationContext: initialization completed in 1330 ms
2026-05-30T20:42:49.761+07:00 DEBUG 8652 --- [nova-hotel-backend] [           main] com.novahotel.security.JwtFilter         : Filter 'jwtFilter' configured for use
2026-05-30T20:42:49.954+07:00  INFO 8652 --- [nova-hotel-backend] [           main] org.mongodb.driver.client                : MongoClient with metadata {"driver": {"name": "mongo-java-driver|spring-boot|sync", "version": "5.6.5"}, "os": {"type": "Windows", "name": "Windows 11", "architecture": "amd64", "version": "10.0"}, "platform": "Java/Eclipse Adoptium/21.0.6+7-LTS"} created with settings MongoClientSettings{readPreference=primary, writeConcern=WriteConcern{w=null, wTimeout=null ms, journal=null}, retryWrites=true, retryReads=true, readConcern=ReadConcern{level=null}, credential=null, transportSettings=null, commandListeners=[], codecRegistry=ProvidersCodecRegistry{codecProviders=[ValueCodecProvider{}, BsonValueCodecProvider{}, DBRefCodecProvider{}, DBObjectCodecProvider{}, DocumentCodecProvider{}, CollectionCodecProvider{}, IterableCodecProvider{}, MapCodecProvider{}, GeoJsonCodecProvider{}, GridFSFileCodecProvider{}, Jsr310CodecProvider{}, JsonObjectCodecProvider{}, BsonCodecProvider{}, com.mongodb.client.model.mql.ExpressionCodecProvider@316cda31, com.mongodb.Jep395RecordCodecProvider@50110971, com.mongodb.KotlinCodecProvider@17d2b075, EnumCodecProvider{}]}, loggerSettings=LoggerSettings{maxDocumentLength=1000}, clusterSettings={hosts=[localhost:27017], srvServiceName=mongodb, mode=SINGLE, requiredClusterType=UNKNOWN, requiredReplicaSetName='null', serverSelector='null', clusterListeners='[]', serverSelectionTimeout='30000 ms', localThreshold='15 ms'}, socketSettings=SocketSettings{connectTimeoutMS=10000, readTimeoutMS=0, receiveBufferSize=0, proxySettings=ProxySettings{host=null, port=null, username=null, password=null}}, heartbeatSocketSettings=SocketSettings{connectTimeoutMS=10000, readTimeoutMS=10000, receiveBufferSize=0, proxySettings=ProxySettings{host=null, port=null, username=null, password=null}}, connectionPoolSettings=ConnectionPoolSettings{maxSize=100, minSize=0, maxWaitTimeMS=120000, maxConnectionLifeTimeMS=0, maxConnectionIdleTimeMS=0, maintenanceInitialDelayMS=0, maintenanceFrequencyMS=60000, connectionPoolListeners=[], maxConnecting=2}, serverSettings=ServerSettings{heartbeatFrequencyMS=10000, minHeartbeatFrequencyMS=500, serverMonitoringMode=AUTO, serverListeners='[]', serverMonitorListeners='[]'}, sslSettings=SslSettings{enabled=false, invalidHostNameAllowed=false, context=null}, applicationName='null', compressorList=[], uuidRepresentation=UNSPECIFIED, serverApi=null, autoEncryptionSettings=null, dnsClient=null, inetAddressResolver=null, contextProvider=null, timeoutMS=null}
2026-05-30T20:42:49.977+07:00  INFO 8652 --- [nova-hotel-backend] [localhost:27017] org.mongodb.driver.cluster               : Monitor thread successfully connected to server with description ServerDescription{address=localhost:27017, type=STANDALONE, cryptd=false, state=CONNECTED, ok=true, minWireVersion=0, maxWireVersion=27, maxDocumentSize=16777216, logicalSessionTimeoutMinutes=30, roundTripTimeNanos=20714200, minRoundTripTimeNanos=0}
2026-05-30T20:42:50.323+07:00  INFO 8652 --- [nova-hotel-backend] [           main] r$InitializeUserDetailsManagerConfigurer : Global AuthenticationManager configured with UserDetailsService bean with name customUserDetailsService
2026-05-30T20:42:50.993+07:00  INFO 8652 --- [nova-hotel-backend] [           main] o.s.boot.tomcat.TomcatWebServer          : Tomcat started on port 8080 (http) with context path '/'
2026-05-30T20:42:51.006+07:00  INFO 8652 --- [nova-hotel-backend] [           main] c.novahotel.NovaHotelBackendApplication  : Started NovaHotelBackendApplication in 3.145 seconds (process running for 3.792)
